<?xml version="1.0" encoding="UTF-8"?>
<!-- Generated by org.testng.reporters.JUnitXMLReporter -->
<testsuite hostname="Abdelrahman" ignored="6" name="Regression test" tests="21" failures="0" timestamp="2021-03-03T01:50:37 EET" time="159.357" errors="0">
  <testcase name="userRegisterWithRegisteredMail" time="5.582" classname="tests.userRegistrationTest"/>
  <testcase name="userRegisterWithoutInsertingFirstName" time="11.633" classname="tests.userRegistrationTest"/>
  <testcase name="userRegisterWithoutInsertingLastName" time="9.373" classname="tests.userRegistrationTest"/>
  <testcase name="userRegisterWithoutInsertingPassword" time="10.501" classname="tests.userRegistrationTest"/>
  <testcase name="userRegisterWithoutInsertingAddress" time="11.212" classname="tests.userRegistrationTest"/>
  <testcase name="userRegisterWithoutInsertingCity" time="11.143" classname="tests.userRegistrationTest"/>
  <testcase name="userRegisterWithoutInsertingPostalCode" time="14.665" classname="tests.userRegistrationTest"/>
  <testcase name="userRegisterWithoutInsertingPhoneNumber" time="16.484" classname="tests.userRegistrationTest"/>
  <testcase name="userCanRegisterSuccessfully" time="13.974" classname="tests.userRegistrationTest"/>
  <testcase name="userLogout" time="3.008" classname="tests.userRegistrationTest"/>
  <testcase name="userLoginWithInvalidMail" time="4.334" classname="tests.loginTest"/>
  <testcase name="userLoginWithInvalidPassword" time="4.856" classname="tests.loginTest"/>
  <testcase name="userLoginSuccessfully" time="4.417" classname="tests.loginTest"/>
  <testcase name="userLogout" time="3.427" classname="tests.loginTest"/>
  <testcase name="userLoginSuccessfully" time="5.643" classname="tests.searchTest"/>
  <testcase name="userSearchForProduct" time="3.388" classname="tests.searchTest"/>
  <testcase name="userLogout" time="2.357" classname="tests.searchTest"/>
  <testcase name="userLoginSuccessfully" time="5.427" classname="tests.addProductToCartTest"/>
  <testcase name="userSearchForProduct" time="2.076" classname="tests.addProductToCartTest"/>
  <testcase name="userAddProductToCart" time="2.854" classname="tests.addProductToCartTest"/>
  <testcase name="userCheckOut" time="12.788" classname="tests.addProductToCartTest"/>
  <testcase name="@AfterSuite stopDriver" time="0.0" classname="tests.testBase">
    <ignored/>
  </testcase> <!-- @AfterSuite stopDriver -->
  <testcase name="@AfterSuite stopDriver" time="0.0" classname="tests.testBase">
    <ignored/>
  </testcase> <!-- @AfterSuite stopDriver -->
  <testcase name="@AfterSuite stopDriver" time="0.0" classname="tests.testBase">
    <ignored/>
  </testcase> <!-- @AfterSuite stopDriver -->
  <testcase name="@BeforeSuite startDriver" time="0.0" classname="tests.testBase">
    <ignored/>
  </testcase> <!-- @BeforeSuite startDriver -->
  <testcase name="@BeforeSuite startDriver" time="0.0" classname="tests.testBase">
    <ignored/>
  </testcase> <!-- @BeforeSuite startDriver -->
  <testcase name="@BeforeSuite startDriver" time="0.0" classname="tests.testBase">
    <ignored/>
  </testcase> <!-- @BeforeSuite startDriver -->
</testsuite> <!-- Regression test -->
